# JRE version: Java(TM) SE Runtime Environment (8.0_241-b07) (build 1.8.0_241-b07)
# Java VM: Java HotSpot(TM) 64-Bit Server VM (25.241-b07 mixed mode windows-amd64 compressed oops)
Heap:
 PSYoungGen      total 138752K, used 101751K [0x00000000d6000000, 0x00000000def00000, 0x0000000100000000)
  eden space 131072K, 71% used [0x00000000d6000000,0x00000000dbbe2c48,0x00000000de000000)
  from space 7680K, 99% used [0x00000000de000000,0x00000000de77b3b0,0x00000000de780000)
  to   space 7680K, 0% used [0x00000000de780000,0x00000000de780000,0x00000000def00000)
 ParOldGen       total 81408K, used 24894K [0x0000000082000000, 0x0000000086f80000, 0x00000000d6000000)
  object space 81408K, 30% used [0x0000000082000000,0x000000008384faa0,0x0000000086f80000)
 Metaspace       used 55682K, capacity 57740K, committed 57936K, reserved 1101824K
  class space    used 7627K, capacity 8010K, committed 8016K, reserved 1048576K
GC Heap History (10 events):
Event: 1.793 GC heap before
{Heap before GC invocations=7 (full 1):
 PSYoungGen      total 138752K, used 5502K [0x00000000d6000000, 0x00000000def00000, 0x0000000100000000)
  eden space 131072K, 0% used [0x00000000d6000000,0x00000000d6000000,0x00000000de000000)
  from space 7680K, 71% used [0x00000000de780000,0x00000000decdfbc0,0x00000000def00000)
  to   space 7680K, 0% used [0x00000000de000000,0x00000000de000000,0x00000000de780000)
 ParOldGen       total 86016K, used 4642K [0x0000000082000000, 0x0000000087400000, 0x00000000d6000000)
  object space 86016K, 5% used [0x0000000082000000,0x0000000082488a28,0x0000000087400000)
 Metaspace       used 20978K, capacity 21546K, committed 21628K, reserved 1069056K
  class space    used 2681K, capacity 2807K, committed 2816K, reserved 1048576K
Event: 1.824 GC heap after
Heap after GC invocations=7 (full 1):
 PSYoungGen      total 138752K, used 0K [0x00000000d6000000, 0x00000000def00000, 0x0000000100000000)
  eden space 131072K, 0% used [0x00000000d6000000,0x00000000d6000000,0x00000000de000000)
  from space 7680K, 0% used [0x00000000de780000,0x00000000de780000,0x00000000def00000)
  to   space 7680K, 0% used [0x00000000de000000,0x00000000de000000,0x00000000de780000)
 ParOldGen       total 48128K, used 5828K [0x0000000082000000, 0x0000000084f00000, 0x00000000d6000000)
  object space 48128K, 12% used [0x0000000082000000,0x00000000825b1308,0x0000000084f00000)
 Metaspace       used 20978K, capacity 21546K, committed 21628K, reserved 1069056K
  class space    used 2681K, capacity 2807K, committed 2816K, reserved 1048576K
}
Event: 2.857 GC heap before
{Heap before GC invocations=8 (full 1):
 PSYoungGen      total 138752K, used 131072K [0x00000000d6000000, 0x00000000def00000, 0x0000000100000000)
  eden space 131072K, 100% used [0x00000000d6000000,0x00000000de000000,0x00000000de000000)
  from space 7680K, 0% used [0x00000000de780000,0x00000000de780000,0x00000000def00000)
  to   space 7680K, 0% used [0x00000000de000000,0x00000000de000000,0x00000000de780000)
 ParOldGen       total 48128K, used 5828K [0x0000000082000000, 0x0000000084f00000, 0x00000000d6000000)
  object space 48128K, 12% used [0x0000000082000000,0x00000000825b1308,0x0000000084f00000)
 Metaspace       used 28053K, capacity 28992K, committed 29312K, reserved 1075200K
  class space    used 3642K, capacity 3862K, committed 3968K, reserved 1048576K
Event: 2.871 GC heap after
Heap after GC invocations=8 (full 1):
 PSYoungGen      total 138752K, used 7669K [0x00000000d6000000, 0x00000000def00000, 0x0000000100000000)
  eden space 131072K, 0% used [0x00000000d6000000,0x00000000d6000000,0x00000000de000000)
  from space 7680K, 99% used [0x00000000de000000,0x00000000de77d718,0x00000000de780000)
  to   space 7680K, 0% used [0x00000000de780000,0x00000000de780000,0x00000000def00000)
 ParOldGen       total 48128K, used 9782K [0x0000000082000000, 0x0000000084f00000, 0x00000000d6000000)
  object space 48128K, 20% used [0x0000000082000000,0x000000008298d9a0,0x0000000084f00000)
 Metaspace       used 28053K, capacity 28992K, committed 29312K, reserved 1075200K
  class space    used 3642K, capacity 3862K, committed 3968K, reserved 1048576K
}
Event: 4.149 GC heap before
{Heap before GC invocations=9 (full 1):
 PSYoungGen      total 138752K, used 112606K [0x00000000d6000000, 0x00000000def00000, 0x0000000100000000)
  eden space 131072K, 80% used [0x00000000d6000000,0x00000000dc67a1b8,0x00000000de000000)
  from space 7680K, 99% used [0x00000000de000000,0x00000000de77d718,0x00000000de780000)
  to   space 7680K, 0% used [0x00000000de780000,0x00000000de780000,0x00000000def00000)
 ParOldGen       total 48128K, used 9782K [0x0000000082000000, 0x0000000084f00000, 0x00000000d6000000)
  object space 48128K, 20% used [0x0000000082000000,0x000000008298d9a0,0x0000000084f00000)
 Metaspace       used 34678K, capacity 35976K, committed 36048K, reserved 1081344K
  class space    used 4485K, capacity 4766K, committed 4816K, reserved 1048576K
Event: 4.160 GC heap after
Heap after GC invocations=9 (full 1):
 PSYoungGen      total 138752K, used 7653K [0x00000000d6000000, 0x00000000def00000, 0x0000000100000000)
  eden space 131072K, 0% used [0x00000000d6000000,0x00000000d6000000,0x00000000de000000)
  from space 7680K, 99% used [0x00000000de780000,0x00000000deef9590,0x00000000def00000)
  to   space 7680K, 0% used [0x00000000de000000,0x00000000de000000,0x00000000de780000)
 ParOldGen       total 48128K, used 15906K [0x0000000082000000, 0x0000000084f00000, 0x00000000d6000000)
  object space 48128K, 33% used [0x0000000082000000,0x0000000082f88be0,0x0000000084f00000)
 Metaspace       used 34678K, capacity 35976K, committed 36048K, reserved 1081344K
  class space    used 4485K, capacity 4766K, committed 4816K, reserved 1048576K
}
Event: 4.160 GC heap before
{Heap before GC invocations=10 (full 2):
 PSYoungGen      total 138752K, used 7653K [0x00000000d6000000, 0x00000000def00000, 0x0000000100000000)
  eden space 131072K, 0% used [0x00000000d6000000,0x00000000d6000000,0x00000000de000000)
  from space 7680K, 99% used [0x00000000de780000,0x00000000deef9590,0x00000000def00000)
  to   space 7680K, 0% used [0x00000000de000000,0x00000000de000000,0x00000000de780000)
 ParOldGen       total 48128K, used 15906K [0x0000000082000000, 0x0000000084f00000, 0x00000000d6000000)
  object space 48128K, 33% used [0x0000000082000000,0x0000000082f88be0,0x0000000084f00000)
 Metaspace       used 34678K, capacity 35976K, committed 36048K, reserved 1081344K
  class space    used 4485K, capacity 4766K, committed 4816K, reserved 1048576K
Event: 4.260 GC heap after
Heap after GC invocations=10 (full 2):
 PSYoungGen      total 138752K, used 0K [0x00000000d6000000, 0x00000000def00000, 0x0000000100000000)
  eden space 131072K, 0% used [0x00000000d6000000,0x00000000d6000000,0x00000000de000000)
  from space 7680K, 0% used [0x00000000de780000,0x00000000de780000,0x00000000def00000)
  to   space 7680K, 0% used [0x00000000de000000,0x00000000de000000,0x00000000de780000)
 ParOldGen       total 81408K, used 18279K [0x0000000082000000, 0x0000000086f80000, 0x00000000d6000000)
  object space 81408K, 22% used [0x0000000082000000,0x00000000831d9d20,0x0000000086f80000)
 Metaspace       used 34678K, capacity 35976K, committed 36048K, reserved 1081344K
  class space    used 4485K, capacity 4766K, committed 4816K, reserved 1048576K
}
Event: 6.322 GC heap before
{Heap before GC invocations=11 (full 2):
 PSYoungGen      total 138752K, used 131072K [0x00000000d6000000, 0x00000000def00000, 0x0000000100000000)
  eden space 131072K, 100% used [0x00000000d6000000,0x00000000de000000,0x00000000de000000)
  from space 7680K, 0% used [0x00000000de780000,0x00000000de780000,0x00000000def00000)
  to   space 7680K, 0% used [0x00000000de000000,0x00000000de000000,0x00000000de780000)
 ParOldGen       total 81408K, used 18279K [0x0000000082000000, 0x0000000086f80000, 0x00000000d6000000)
  object space 81408K, 22% used [0x0000000082000000,0x00000000831d9d20,0x0000000086f80000)
 Metaspace       used 47941K, capacity 49424K, committed 49616K, reserved 1091584K
  class space    used 6515K, capacity 6812K, committed 6864K, reserved 1048576K
Event: 6.335 GC heap after
Heap after GC invocations=11 (full 2):
 PSYoungGen      total 138752K, used 7660K [0x00000000d6000000, 0x00000000def00000, 0x0000000100000000)
  eden space 131072K, 0% used [0x00000000d6000000,0x00000000d6000000,0x00000000de000000)
  from space 7680K, 99% used [0x00000000de000000,0x00000000de77b3b0,0x00000000de780000)
  to   space 7680K, 0% used [0x00000000de780000,0x00000000de780000,0x00000000def00000)
 ParOldGen       total 81408K, used 24894K [0x0000000082000000, 0x0000000086f80000, 0x00000000d6000000)
  object space 81408K, 30% used [0x0000000082000000,0x000000008384faa0,0x0000000086f80000)
 Metaspace       used 47941K, capacity 49424K, committed 49616K, reserved 1091584K
  class space    used 6515K, capacity 6812K, committed 6864K, reserved 1048576K
}

