# JRE version: Java(TM) SE Runtime Environment (8.0_241-b07) (build 1.8.0_241-b07)
# Java VM: Java HotSpot(TM) 64-Bit Server VM (25.241-b07 mixed mode windows-amd64 compressed oops)
Heap:
 PSYoungGen      total 179200K, used 123296K [0x00000000d6000000, 0x00000000e3c80000, 0x0000000100000000)
  eden space 168448K, 73% used [0x00000000d6000000,0x00000000dd868250,0x00000000e0480000)
  from space 10752K, 0% used [0x00000000e1080000,0x00000000e1080000,0x00000000e1b00000)
  to   space 12288K, 0% used [0x00000000e0480000,0x00000000e0480000,0x00000000e1080000)
 ParOldGen       total 88576K, used 15969K [0x0000000082000000, 0x0000000087680000, 0x00000000d6000000)
  object space 88576K, 18% used [0x0000000082000000,0x0000000082f98620,0x0000000087680000)
 Metaspace       used 46853K, capacity 48308K, committed 48600K, reserved 1091584K
  class space    used 6310K, capacity 6616K, committed 6656K, reserved 1048576K
GC Heap History (10 events):
Event: 1.901 GC heap before
{Heap before GC invocations=6 (full 1):
 PSYoungGen      total 70656K, used 5109K [0x00000000d6000000, 0x00000000def00000, 0x0000000100000000)
  eden space 65536K, 0% used [0x00000000d6000000,0x00000000d6000000,0x00000000da000000)
  from space 5120K, 99% used [0x00000000da000000,0x00000000da4fd758,0x00000000da500000)
  to   space 7680K, 0% used [0x00000000de780000,0x00000000de780000,0x00000000def00000)
 ParOldGen       total 86016K, used 4861K [0x0000000082000000, 0x0000000087400000, 0x00000000d6000000)
  object space 86016K, 5% used [0x0000000082000000,0x00000000824bf628,0x0000000087400000)
 Metaspace       used 20594K, capacity 21186K, committed 21248K, reserved 1067008K
  class space    used 2643K, capacity 2775K, committed 2816K, reserved 1048576K
Event: 1.932 GC heap after
Heap after GC invocations=6 (full 1):
 PSYoungGen      total 70656K, used 0K [0x00000000d6000000, 0x00000000def00000, 0x0000000100000000)
  eden space 65536K, 0% used [0x00000000d6000000,0x00000000d6000000,0x00000000da000000)
  from space 5120K, 0% used [0x00000000da000000,0x00000000da000000,0x00000000da500000)
  to   space 7680K, 0% used [0x00000000de780000,0x00000000de780000,0x00000000def00000)
 ParOldGen       total 53248K, used 6021K [0x0000000082000000, 0x0000000085400000, 0x00000000d6000000)
  object space 53248K, 11% used [0x0000000082000000,0x00000000825e15c8,0x0000000085400000)
 Metaspace       used 20594K, capacity 21186K, committed 21248K, reserved 1067008K
  class space    used 2643K, capacity 2775K, committed 2816K, reserved 1048576K
}
Event: 2.168 GC heap before
{Heap before GC invocations=7 (full 1):
 PSYoungGen      total 70656K, used 65536K [0x00000000d6000000, 0x00000000def00000, 0x0000000100000000)
  eden space 65536K, 100% used [0x00000000d6000000,0x00000000da000000,0x00000000da000000)
  from space 5120K, 0% used [0x00000000da000000,0x00000000da000000,0x00000000da500000)
  to   space 7680K, 0% used [0x00000000de780000,0x00000000de780000,0x00000000def00000)
 ParOldGen       total 53248K, used 6021K [0x0000000082000000, 0x0000000085400000, 0x00000000d6000000)
  object space 53248K, 11% used [0x0000000082000000,0x00000000825e15c8,0x0000000085400000)
 Metaspace       used 23377K, capacity 24040K, committed 24320K, reserved 1071104K
  class space    used 3029K, capacity 3208K, committed 3328K, reserved 1048576K
Event: 2.173 GC heap after
Heap after GC invocations=7 (full 1):
 PSYoungGen      total 112128K, used 4730K [0x00000000d6000000, 0x00000000dec80000, 0x0000000100000000)
  eden space 107008K, 0% used [0x00000000d6000000,0x00000000d6000000,0x00000000dc880000)
  from space 5120K, 92% used [0x00000000de780000,0x00000000dec1e970,0x00000000dec80000)
  to   space 7680K, 0% used [0x00000000ddd80000,0x00000000ddd80000,0x00000000de500000)
 ParOldGen       total 53248K, used 6021K [0x0000000082000000, 0x0000000085400000, 0x00000000d6000000)
  object space 53248K, 11% used [0x0000000082000000,0x00000000825e15c8,0x0000000085400000)
 Metaspace       used 23377K, capacity 24040K, committed 24320K, reserved 1071104K
  class space    used 3029K, capacity 3208K, committed 3328K, reserved 1048576K
}
Event: 3.509 GC heap before
{Heap before GC invocations=8 (full 1):
 PSYoungGen      total 112128K, used 111738K [0x00000000d6000000, 0x00000000dec80000, 0x0000000100000000)
  eden space 107008K, 100% used [0x00000000d6000000,0x00000000dc880000,0x00000000dc880000)
  from space 5120K, 92% used [0x00000000de780000,0x00000000dec1e970,0x00000000dec80000)
  to   space 7680K, 0% used [0x00000000ddd80000,0x00000000ddd80000,0x00000000de500000)
 ParOldGen       total 53248K, used 6021K [0x0000000082000000, 0x0000000085400000, 0x00000000d6000000)
  object space 53248K, 11% used [0x0000000082000000,0x00000000825e15c8,0x0000000085400000)
 Metaspace       used 30678K, capacity 31866K, committed 32000K, reserved 1077248K
  class space    used 3998K, capacity 4255K, committed 4352K, reserved 1048576K
Event: 3.520 GC heap after
Heap after GC invocations=8 (full 1):
 PSYoungGen      total 136192K, used 7652K [0x00000000d6000000, 0x00000000e1b00000, 0x0000000100000000)
  eden space 128512K, 0% used [0x00000000d6000000,0x00000000d6000000,0x00000000ddd80000)
  from space 7680K, 99% used [0x00000000ddd80000,0x00000000de4f9280,0x00000000de500000)
  to   space 10752K, 0% used [0x00000000e1080000,0x00000000e1080000,0x00000000e1b00000)
 ParOldGen       total 53248K, used 10729K [0x0000000082000000, 0x0000000085400000, 0x00000000d6000000)
  object space 53248K, 20% used [0x0000000082000000,0x0000000082a7a750,0x0000000085400000)
 Metaspace       used 30678K, capacity 31866K, committed 32000K, reserved 1077248K
  class space    used 3998K, capacity 4255K, committed 4352K, reserved 1048576K
}
Event: 4.326 GC heap before
{Heap before GC invocations=9 (full 1):
 PSYoungGen      total 136192K, used 72250K [0x00000000d6000000, 0x00000000e1b00000, 0x0000000100000000)
  eden space 128512K, 50% used [0x00000000d6000000,0x00000000d9f15860,0x00000000ddd80000)
  from space 7680K, 99% used [0x00000000ddd80000,0x00000000de4f9280,0x00000000de500000)
  to   space 10752K, 0% used [0x00000000e1080000,0x00000000e1080000,0x00000000e1b00000)
 ParOldGen       total 53248K, used 10729K [0x0000000082000000, 0x0000000085400000, 0x00000000d6000000)
  object space 53248K, 20% used [0x0000000082000000,0x0000000082a7a750,0x0000000085400000)
 Metaspace       used 34006K, capacity 35308K, committed 35416K, reserved 1079296K
  class space    used 4405K, capacity 4670K, committed 4736K, reserved 1048576K
Event: 4.339 GC heap after
Heap after GC invocations=9 (full 1):
 PSYoungGen      total 179200K, used 10740K [0x00000000d6000000, 0x00000000e3c80000, 0x0000000100000000)
  eden space 168448K, 0% used [0x00000000d6000000,0x00000000d6000000,0x00000000e0480000)
  from space 10752K, 99% used [0x00000000e1080000,0x00000000e1afd190,0x00000000e1b00000)
  to   space 12288K, 0% used [0x00000000e0480000,0x00000000e0480000,0x00000000e1080000)
 ParOldGen       total 53248K, used 11441K [0x0000000082000000, 0x0000000085400000, 0x00000000d6000000)
  object space 53248K, 21% used [0x0000000082000000,0x0000000082b2c770,0x0000000085400000)
 Metaspace       used 34006K, capacity 35308K, committed 35416K, reserved 1079296K
  class space    used 4405K, capacity 4670K, committed 4736K, reserved 1048576K
}
Event: 4.339 GC heap before
{Heap before GC invocations=10 (full 2):
 PSYoungGen      total 179200K, used 10740K [0x00000000d6000000, 0x00000000e3c80000, 0x0000000100000000)
  eden space 168448K, 0% used [0x00000000d6000000,0x00000000d6000000,0x00000000e0480000)
  from space 10752K, 99% used [0x00000000e1080000,0x00000000e1afd190,0x00000000e1b00000)
  to   space 12288K, 0% used [0x00000000e0480000,0x00000000e0480000,0x00000000e1080000)
 ParOldGen       total 53248K, used 11441K [0x0000000082000000, 0x0000000085400000, 0x00000000d6000000)
  object space 53248K, 21% used [0x0000000082000000,0x0000000082b2c770,0x0000000085400000)
 Metaspace       used 34006K, capacity 35308K, committed 35416K, reserved 1079296K
  class space    used 4405K, capacity 4670K, committed 4736K, reserved 1048576K
Event: 4.416 GC heap after
Heap after GC invocations=10 (full 2):
 PSYoungGen      total 179200K, used 0K [0x00000000d6000000, 0x00000000e3c80000, 0x0000000100000000)
  eden space 168448K, 0% used [0x00000000d6000000,0x00000000d6000000,0x00000000e0480000)
  from space 10752K, 0% used [0x00000000e1080000,0x00000000e1080000,0x00000000e1b00000)
  to   space 12288K, 0% used [0x00000000e0480000,0x00000000e0480000,0x00000000e1080000)
 ParOldGen       total 88576K, used 15969K [0x0000000082000000, 0x0000000087680000, 0x00000000d6000000)
  object space 88576K, 18% used [0x0000000082000000,0x0000000082f98620,0x0000000087680000)
 Metaspace       used 34006K, capacity 35308K, committed 35416K, reserved 1079296K
  class space    used 4405K, capacity 4670K, committed 4736K, reserved 1048576K
}

