# JRE version: Java(TM) SE Runtime Environment (8.0_241-b07) (build 1.8.0_241-b07)
# Java VM: Java HotSpot(TM) 64-Bit Server VM (25.241-b07 mixed mode windows-amd64 compressed oops)
Heap:
 PSYoungGen      total 127488K, used 38204K [0x00000000d6000000, 0x00000000dff00000, 0x0000000100000000)
  eden space 114688K, 22% used [0x00000000d6000000,0x00000000d78d30d0,0x00000000dd000000)
  from space 12800K, 99% used [0x00000000dd000000,0x00000000ddc7c250,0x00000000ddc80000)
  to   space 14336K, 0% used [0x00000000df100000,0x00000000df100000,0x00000000dff00000)
 ParOldGen       total 88064K, used 17358K [0x0000000082000000, 0x0000000087600000, 0x00000000d6000000)
  object space 88064K, 19% used [0x0000000082000000,0x00000000830f38f8,0x0000000087600000)
 Metaspace       used 55281K, capacity 57354K, committed 57688K, reserved 1099776K
  class space    used 7562K, capacity 7945K, committed 8064K, reserved 1048576K
GC Heap History (10 events):
Event: 6.146 GC heap before
{Heap before GC invocations=9 (full 1):
 PSYoungGen      total 67584K, used 64370K [0x00000000d6000000, 0x00000000dc700000, 0x0000000100000000)
  eden space 58880K, 100% used [0x00000000d6000000,0x00000000d9980000,0x00000000d9980000)
  from space 8704K, 63% used [0x00000000d9980000,0x00000000d9edcb88,0x00000000da200000)
  to   space 8192K, 0% used [0x00000000dbf00000,0x00000000dbf00000,0x00000000dc700000)
 ParOldGen       total 53248K, used 6740K [0x0000000082000000, 0x0000000085400000, 0x00000000d6000000)
  object space 53248K, 12% used [0x0000000082000000,0x00000000826952c8,0x0000000085400000)
 Metaspace       used 29089K, capacity 30212K, committed 30464K, reserved 1075200K
  class space    used 3791K, capacity 4028K, committed 4096K, reserved 1048576K
Event: 6.156 GC heap after
Heap after GC invocations=9 (full 1):
 PSYoungGen      total 95744K, used 8177K [0x00000000d6000000, 0x00000000dce80000, 0x0000000100000000)
  eden space 87552K, 0% used [0x00000000d6000000,0x00000000d6000000,0x00000000db580000)
  from space 8192K, 99% used [0x00000000dbf00000,0x00000000dc6fc510,0x00000000dc700000)
  to   space 9728K, 0% used [0x00000000db580000,0x00000000db580000,0x00000000dbf00000)
 ParOldGen       total 53248K, used 7620K [0x0000000082000000, 0x0000000085400000, 0x00000000d6000000)
  object space 53248K, 14% used [0x0000000082000000,0x00000000827712a8,0x0000000085400000)
 Metaspace       used 29089K, capacity 30212K, committed 30464K, reserved 1075200K
  class space    used 3791K, capacity 4028K, committed 4096K, reserved 1048576K
}
Event: 8.004 GC heap before
{Heap before GC invocations=10 (full 1):
 PSYoungGen      total 95744K, used 95729K [0x00000000d6000000, 0x00000000dce80000, 0x0000000100000000)
  eden space 87552K, 100% used [0x00000000d6000000,0x00000000db580000,0x00000000db580000)
  from space 8192K, 99% used [0x00000000dbf00000,0x00000000dc6fc510,0x00000000dc700000)
  to   space 9728K, 0% used [0x00000000db580000,0x00000000db580000,0x00000000dbf00000)
 ParOldGen       total 53248K, used 7620K [0x0000000082000000, 0x0000000085400000, 0x00000000d6000000)
  object space 53248K, 14% used [0x0000000082000000,0x00000000827712a8,0x0000000085400000)
 Metaspace       used 34010K, capacity 35304K, committed 35416K, reserved 1079296K
  class space    used 4398K, capacity 4670K, committed 4736K, reserved 1048576K
Event: 8.022 GC heap after
Heap after GC invocations=10 (full 1):
 PSYoungGen      total 97280K, used 9716K [0x00000000d6000000, 0x00000000dea00000, 0x0000000100000000)
  eden space 87552K, 0% used [0x00000000d6000000,0x00000000d6000000,0x00000000db580000)
  from space 9728K, 99% used [0x00000000db580000,0x00000000dbefd038,0x00000000dbf00000)
  to   space 11776K, 0% used [0x00000000dde80000,0x00000000dde80000,0x00000000dea00000)
 ParOldGen       total 53248K, used 10507K [0x0000000082000000, 0x0000000085400000, 0x00000000d6000000)
  object space 53248K, 19% used [0x0000000082000000,0x0000000082a42c68,0x0000000085400000)
 Metaspace       used 34010K, capacity 35304K, committed 35416K, reserved 1079296K
  class space    used 4398K, capacity 4670K, committed 4736K, reserved 1048576K
}
Event: 8.022 GC heap before
{Heap before GC invocations=11 (full 2):
 PSYoungGen      total 97280K, used 9716K [0x00000000d6000000, 0x00000000dea00000, 0x0000000100000000)
  eden space 87552K, 0% used [0x00000000d6000000,0x00000000d6000000,0x00000000db580000)
  from space 9728K, 99% used [0x00000000db580000,0x00000000dbefd038,0x00000000dbf00000)
  to   space 11776K, 0% used [0x00000000dde80000,0x00000000dde80000,0x00000000dea00000)
 ParOldGen       total 53248K, used 10507K [0x0000000082000000, 0x0000000085400000, 0x00000000d6000000)
  object space 53248K, 19% used [0x0000000082000000,0x0000000082a42c68,0x0000000085400000)
 Metaspace       used 34010K, capacity 35304K, committed 35416K, reserved 1079296K
  class space    used 4398K, capacity 4670K, committed 4736K, reserved 1048576K
Event: 8.106 GC heap after
Heap after GC invocations=11 (full 2):
 PSYoungGen      total 97280K, used 0K [0x00000000d6000000, 0x00000000dea00000, 0x0000000100000000)
  eden space 87552K, 0% used [0x00000000d6000000,0x00000000d6000000,0x00000000db580000)
  from space 9728K, 0% used [0x00000000db580000,0x00000000db580000,0x00000000dbf00000)
  to   space 11776K, 0% used [0x00000000dde80000,0x00000000dde80000,0x00000000dea00000)
 ParOldGen       total 88064K, used 17056K [0x0000000082000000, 0x0000000087600000, 0x00000000d6000000)
  object space 88064K, 19% used [0x0000000082000000,0x00000000830a82c0,0x0000000087600000)
 Metaspace       used 34010K, capacity 35304K, committed 35416K, reserved 1079296K
  class space    used 4398K, capacity 4670K, committed 4736K, reserved 1048576K
}
Event: 11.662 GC heap before
{Heap before GC invocations=12 (full 2):
 PSYoungGen      total 97280K, used 87552K [0x00000000d6000000, 0x00000000dea00000, 0x0000000100000000)
  eden space 87552K, 100% used [0x00000000d6000000,0x00000000db580000,0x00000000db580000)
  from space 9728K, 0% used [0x00000000db580000,0x00000000db580000,0x00000000dbf00000)
  to   space 11776K, 0% used [0x00000000dde80000,0x00000000dde80000,0x00000000dea00000)
 ParOldGen       total 88064K, used 17056K [0x0000000082000000, 0x0000000087600000, 0x00000000d6000000)
  object space 88064K, 19% used [0x0000000082000000,0x00000000830a82c0,0x0000000087600000)
 Metaspace       used 43827K, capacity 45246K, committed 45528K, reserved 1089536K
  class space    used 5868K, capacity 6137K, committed 6144K, reserved 1048576K
Event: 11.672 GC heap after
Heap after GC invocations=12 (full 2):
 PSYoungGen      total 119808K, used 10486K [0x00000000d6000000, 0x00000000de900000, 0x0000000100000000)
  eden space 109056K, 0% used [0x00000000d6000000,0x00000000d6000000,0x00000000dca80000)
  from space 10752K, 97% used [0x00000000dde80000,0x00000000de8bdbc8,0x00000000de900000)
  to   space 12800K, 0% used [0x00000000dd000000,0x00000000dd000000,0x00000000ddc80000)
 ParOldGen       total 88064K, used 17064K [0x0000000082000000, 0x0000000087600000, 0x00000000d6000000)
  object space 88064K, 19% used [0x0000000082000000,0x00000000830aa2c0,0x0000000087600000)
 Metaspace       used 43827K, capacity 45246K, committed 45528K, reserved 1089536K
  class space    used 5868K, capacity 6137K, committed 6144K, reserved 1048576K
}
Event: 14.000 GC heap before
{Heap before GC invocations=13 (full 2):
 PSYoungGen      total 119808K, used 119542K [0x00000000d6000000, 0x00000000de900000, 0x0000000100000000)
  eden space 109056K, 100% used [0x00000000d6000000,0x00000000dca80000,0x00000000dca80000)
  from space 10752K, 97% used [0x00000000dde80000,0x00000000de8bdbc8,0x00000000de900000)
  to   space 12800K, 0% used [0x00000000dd000000,0x00000000dd000000,0x00000000ddc80000)
 ParOldGen       total 88064K, used 17064K [0x0000000082000000, 0x0000000087600000, 0x00000000d6000000)
  object space 88064K, 19% used [0x0000000082000000,0x00000000830aa2c0,0x0000000087600000)
 Metaspace       used 52789K, capacity 54572K, committed 54744K, reserved 1095680K
  class space    used 7234K, capacity 7566K, committed 7680K, reserved 1048576K
Event: 14.013 GC heap after
Heap after GC invocations=13 (full 2):
 PSYoungGen      total 127488K, used 12784K [0x00000000d6000000, 0x00000000dff00000, 0x0000000100000000)
  eden space 114688K, 0% used [0x00000000d6000000,0x00000000d6000000,0x00000000dd000000)
  from space 12800K, 99% used [0x00000000dd000000,0x00000000ddc7c250,0x00000000ddc80000)
  to   space 14336K, 0% used [0x00000000df100000,0x00000000df100000,0x00000000dff00000)
 ParOldGen       total 88064K, used 17358K [0x0000000082000000, 0x0000000087600000, 0x00000000d6000000)
  object space 88064K, 19% used [0x0000000082000000,0x00000000830f38f8,0x0000000087600000)
 Metaspace       used 52789K, capacity 54572K, committed 54744K, reserved 1095680K
  class space    used 7234K, capacity 7566K, committed 7680K, reserved 1048576K
}

